#
# There is insufficient memory for the Java Runtime Environment to continue.
# Native memory allocation (mmap) failed to map 184549376 bytes for G1 virtual space
# Possible reasons:
#   The system is out of physical RAM or swap space
#   The process is running with CompressedOops enabled, and the Java Heap may be blocking the growth of the native heap
# Possible solutions:
#   Reduce memory load on the system
#   Increase physical memory or swap space
#   Check if swap backing store is full
#   Decrease Java heap size (-Xmx/-Xms)
#   Decrease number of Java threads
#   Decrease Java thread stack sizes (-Xss)
#   Set larger code cache with -XX:ReservedCodeCacheSize=
#   JVM is running with Zero Based Compressed Oops mode in which the Java heap is
#     placed in the first 32GB address space. The Java Heap base address is the
#     maximum limit for the native heap growth. Please use -XX:HeapBaseMinAddress
#     to set the Java Heap base and to place the Java Heap above 32GB virtual address.
# This output file may be truncated or incomplete.
#
#  Out of Memory Error (os_windows.cpp:3825), pid=8832, tid=14832
#
# JRE version:  (17.0.10+1) (build )
# Java VM: OpenJDK 64-Bit Server VM (17.0.10+1-b1207.14, mixed mode, sharing, tiered, compressed oops, compressed class ptrs, g1 gc, windows-amd64)
# No core dump will be written. Minidumps are not enabled by default on client versions of Windows
#

---------------  S U M M A R Y ------------

Command Line: git4idea.http.GitAskPassApp Username for 'https://github.com': 

Host: AMD PRO A8-8600B R6, 10 Compute Cores 4C+6G    , 4 cores, 10G,  Windows 11 , 64 bit Build 22621 (10.0.22621.608)
Time: Sat Nov 23 10:02:15 2024 Russie TZ 2 elapsed time: 0.059271 seconds (0d 0h 0m 0s)

---------------  T H R E A D  ---------------

Current thread (0x000002490b81a8c0):  JavaThread "Unknown thread" [_thread_in_vm, id=14832, stack(0x0000007ab7200000,0x0000007ab7300000)]

Stack: [0x0000007ab7200000,0x0000007ab7300000]
Native frames: (J=compiled Java code, j=interpreted, Vv=VM code, C=native code)
V  [jvm.dll+0x687989]
V  [jvm.dll+0x84116a]
V  [jvm.dll+0x842dae]
V  [jvm.dll+0x843413]
V  [jvm.dll+0x249ccf]
V  [jvm.dll+0x684759]
V  [jvm.dll+0x67900a]
V  [jvm.dll+0x30ab0b]
V  [jvm.dll+0x311fb6]
V  [jvm.dll+0x361d5e]
V  [jvm.dll+0x361f8f]
V  [jvm.dll+0x2e07f8]
V  [jvm.dll+0x2e1764]
V  [jvm.dll+0x811c31]
V  [jvm.dll+0x36fc11]
V  [jvm.dll+0x7f0666]
V  [jvm.dll+0x3f3daf]
V  [jvm.dll+0x3f5a41]
C  [jli.dll+0x528f]
C  [ucrtbase.dll+0x29363]
C  [KERNEL32.DLL+0x1244d]
C  [ntdll.dll+0x5df78]


---------------  P R O C E S S  ---------------

Threads class SMR info:
_java_thread_list=0x00007ff8ce93df58, length=0, elements={
}

Java Threads: ( => current thread )

Other Threads:
  0x000002490b86ff10 GCTaskThread "GC Thread#0" [stack: 0x0000007ab7300000,0x0000007ab7400000] [id=16664]
  0x000002490b87bd20 ConcurrentGCThread "G1 Main Marker" [stack: 0x0000007ab7400000,0x0000007ab7500000] [id=15608]
  0x000002490b87c740 ConcurrentGCThread "G1 Conc#0" [stack: 0x0000007ab7500000,0x0000007ab7600000] [id=15880]

[error occurred during error reporting (printing all threads), id 0xc0000005, EXCEPTION_ACCESS_VIOLATION (0xc0000005) at pc=0x00007ff8ce0f13c7]

VM state: not at safepoint (not fully initialized)

VM Mutex/Monitor currently owned by a thread:  ([mutex/lock_event])
[0x000002490b815df0] Heap_lock - owner thread: 0x000002490b81a8c0

Heap address: 0x0000000751400000, size: 2796 MB, Compressed Oops mode: Zero based, Oop shift amount: 3

CDS archive(s) mapped at: [0x0000000000000000-0x0000000000000000-0x0000000000000000), size 0, SharedBaseAddress: 0x0000000800000000, ArchiveRelocationMode: 1.
Narrow klass base: 0x0000000000000000, Narrow klass shift: 0, Narrow klass range: 0x0

GC Precious Log:
<Empty>

Heap:
 garbage-first heap   total 0K, used 0K [0x0000000751400000, 0x0000000800000000)
  region size 2048K, 0 young (0K), 0 survivors (0K)
 Metaspace       used 0K, committed 0K, reserved 0K
  class space    used 0K, committed 0K, reserved 0K

Heap Regions: E=young(eden), S=young(survivor), O=old, HS=humongous(starts), HC=humongous(continues), CS=collection set, F=free, OA=open archive, CA=closed archive, TAMS=top-at-mark-start (previous, next)

Card table byte_map: [0x000002491e510000,0x000002491ea90000] _byte_map_base: 0x000002491aa86000

Marking Bits (Prev, Next): (CMBitMap*) 0x000002490b870530, (CMBitMap*) 0x000002490b870570
 Prev Bits: [0x000002491f010000, 0x0000024921bc0000)
 Next Bits: [0x0000024921bc0000, 0x0000024924770000)

GC Heap History (0 events):
No events

Dll operation events (1 events):
Event: 0.039 Loaded shared library C:\Program Files\JetBrains\intellij\IntelliJ IDEA Community Edition 2023.2.2\jbr\bin\java.dll

Deoptimization events (0 events):
No events

Classes unloaded (0 events):
No events

Classes redefined (0 events):
No events

Internal exceptions (0 events):
No events

VM Operations (0 events):
No events

Events (0 events):
No events


Dynamic libraries:
0x00007ff7d10e0000 - 0x00007ff7d10ea000 	C:\Program Files\JetBrains\intellij\IntelliJ IDEA Community Edition 2023.2.2\jbr\bin\java.exe
0x00007ff963190000 - 0x00007ff9633a4000 	C:\Windows\SYSTEM32\ntdll.dll
0x00007ff961df0000 - 0x00007ff961eb2000 	C:\Windows\System32\KERNEL32.DLL
0x00007ff960850000 - 0x00007ff960bec000 	C:\Windows\System32\KERNELBASE.dll
0x00007ff960730000 - 0x00007ff960841000 	C:\Windows\System32\ucrtbase.dll
0x00007ff90a1c0000 - 0x00007ff90a1db000 	C:\Program Files\JetBrains\intellij\IntelliJ IDEA Community Edition 2023.2.2\jbr\bin\VCRUNTIME140.dll
0x00007ff92d120000 - 0x00007ff92d137000 	C:\Program Files\JetBrains\intellij\IntelliJ IDEA Community Edition 2023.2.2\jbr\bin\jli.dll
0x00007ff9620b0000 - 0x00007ff96225a000 	C:\Windows\System32\USER32.dll
0x00007ff960700000 - 0x00007ff960726000 	C:\Windows\System32\win32u.dll
0x00007ff94ef00000 - 0x00007ff94f18e000 	C:\Windows\WinSxS\amd64_microsoft.windows.common-controls_6595b64144ccf1df_6.0.22621.608_none_a9444ca7c10bb01d\COMCTL32.dll
0x00007ff962d10000 - 0x00007ff962d39000 	C:\Windows\System32\GDI32.dll
0x00007ff961090000 - 0x00007ff961137000 	C:\Windows\System32\msvcrt.dll
0x00007ff960bf0000 - 0x00007ff960d02000 	C:\Windows\System32\gdi32full.dll
0x00007ff960d80000 - 0x00007ff960e1a000 	C:\Windows\System32\msvcp_win.dll
0x00007ff962df0000 - 0x00007ff962e21000 	C:\Windows\System32\IMM32.DLL
0x00007ff95a820000 - 0x00007ff95a82c000 	C:\Program Files\JetBrains\intellij\IntelliJ IDEA Community Edition 2023.2.2\jbr\bin\vcruntime140_1.dll
0x00007ff8d39e0000 - 0x00007ff8d3a6d000 	C:\Program Files\JetBrains\intellij\IntelliJ IDEA Community Edition 2023.2.2\jbr\bin\msvcp140.dll
0x00007ff8cde00000 - 0x00007ff8cea82000 	C:\Program Files\JetBrains\intellij\IntelliJ IDEA Community Edition 2023.2.2\jbr\bin\server\jvm.dll
0x00007ff962fc0000 - 0x00007ff96306e000 	C:\Windows\System32\ADVAPI32.dll
0x00007ff962d40000 - 0x00007ff962de4000 	C:\Windows\System32\sechost.dll
0x00007ff962a40000 - 0x00007ff962b55000 	C:\Windows\System32\RPCRT4.dll
0x00007ff9433a0000 - 0x00007ff9433a9000 	C:\Windows\SYSTEM32\WSOCK32.dll
0x00007ff958950000 - 0x00007ff958984000 	C:\Windows\SYSTEM32\WINMM.dll
0x00007ff962f40000 - 0x00007ff962fb1000 	C:\Windows\System32\WS2_32.dll
0x00007ff960490000 - 0x00007ff9604dd000 	C:\Windows\SYSTEM32\POWRPROF.dll
0x00007ff956fe0000 - 0x00007ff956fea000 	C:\Windows\SYSTEM32\VERSION.dll
0x00007ff960470000 - 0x00007ff960483000 	C:\Windows\SYSTEM32\UMPDC.dll
0x00007ff95f600000 - 0x00007ff95f618000 	C:\Windows\SYSTEM32\kernel.appcore.dll
0x00007ff949ad0000 - 0x00007ff949ada000 	C:\Program Files\JetBrains\intellij\IntelliJ IDEA Community Edition 2023.2.2\jbr\bin\jimage.dll
0x00007ff9561a0000 - 0x00007ff9563ce000 	C:\Windows\SYSTEM32\DBGHELP.DLL
0x00007ff961a60000 - 0x00007ff961de9000 	C:\Windows\System32\combase.dll
0x00007ff961fd0000 - 0x00007ff9620a7000 	C:\Windows\System32\OLEAUT32.dll
0x00007ff94d9f0000 - 0x00007ff94da22000 	C:\Windows\SYSTEM32\dbgcore.DLL
0x00007ff960680000 - 0x00007ff9606fb000 	C:\Windows\System32\bcryptPrimitives.dll
0x00007ff8d3ff0000 - 0x00007ff8d4015000 	C:\Program Files\JetBrains\intellij\IntelliJ IDEA Community Edition 2023.2.2\jbr\bin\java.dll

dbghelp: loaded successfully - version: 4.0.5 - missing functions: none
symbol engine: initialized successfully - sym options: 0x614 - pdb path: .;C:\Program Files\JetBrains\intellij\IntelliJ IDEA Community Edition 2023.2.2\jbr\bin;C:\Windows\SYSTEM32;C:\Windows\WinSxS\amd64_microsoft.windows.common-controls_6595b64144ccf1df_6.0.22621.608_none_a9444ca7c10bb01d;C:\Program Files\JetBrains\intellij\IntelliJ IDEA Community Edition 2023.2.2\jbr\bin\server

VM Arguments:
java_command: git4idea.http.GitAskPassApp Username for 'https://github.com': 
java_class_path (initial): C:/Program Files/JetBrains/intellij/IntelliJ IDEA Community Edition 2023.2.2/plugins/vcs-git/lib/git4idea-rt.jar;C:/Program Files/JetBrains/intellij/IntelliJ IDEA Community Edition 2023.2.2/lib/externalProcess-rt.jar
Launcher Type: SUN_STANDARD

[Global flags]
     intx CICompilerCount                          = 3                                         {product} {ergonomic}
     uint ConcGCThreads                            = 1                                         {product} {ergonomic}
     uint G1ConcRefinementThreads                  = 4                                         {product} {ergonomic}
   size_t G1HeapRegionSize                         = 2097152                                   {product} {ergonomic}
    uintx GCDrainStackTargetSize                   = 64                                        {product} {ergonomic}
   size_t InitialHeapSize                          = 184549376                                 {product} {ergonomic}
   size_t MarkStackSize                            = 4194304                                   {product} {ergonomic}
   size_t MaxHeapSize                              = 2931818496                                {product} {ergonomic}
   size_t MinHeapDeltaBytes                        = 2097152                                   {product} {ergonomic}
   size_t MinHeapSize                              = 8388608                                   {product} {ergonomic}
    uintx NonNMethodCodeHeapSize                   = 5832780                                {pd product} {ergonomic}
    uintx NonProfiledCodeHeapSize                  = 122912730                              {pd product} {ergonomic}
    uintx ProfiledCodeHeapSize                     = 122912730                              {pd product} {ergonomic}
    uintx ReservedCodeCacheSize                    = 251658240                              {pd product} {ergonomic}
     bool SegmentedCodeCache                       = true                                      {product} {ergonomic}
   size_t SoftMaxHeapSize                          = 2931818496                             {manageable} {ergonomic}
     bool UseCompressedClassPointers               = true                           {product lp64_product} {ergonomic}
     bool UseCompressedOops                        = true                           {product lp64_product} {ergonomic}
     bool UseG1GC                                  = true                                      {product} {ergonomic}
     bool UseLargePagesIndividualAllocation        = false                                  {pd product} {ergonomic}

Logging:
Log output configuration:
 #0: stdout all=warning uptime,level,tags
 #1: stderr all=off uptime,level,tags

Environment Variables:
JAVA_HOME=C:\Users\Administrator\Downloads\Compressed\microsoft-jdk-17.0.10-windows-x64\jdk-17.0.10+7
PATH=C:\Program Files\Git\mingw64\libexec\git-core;C:\Program Files\Git\mingw64\libexec\git-core;C:\Program Files\Git\mingw64\bin;C:\Program Files\Git\usr\bin;C:\Users\Administrator\bin;C:\Program Files\Microsoft\jdk-17.0.10.7-hotspot\bin;C:\Program Files (x86)\Common Files\Oracle\Java\javapath;C:\Windows\system32;C:\Windows;C:\Windows\System32\Wbem;C:\Windows\System32\WindowsPowerShell\v1.0;C:\Windows\System32\OpenSSH;C:\Users\Administrator\AppData\Roaming\nvm;C:\Program Files\nodejs;C:\Program Files\dotnet;C:\Program Files\Git\cmd;C:\Program Files\nodejs;C:\Users\Administrator\AppData\Local\Programs\Python\Python313\Scripts;C:\Users\Administrator\AppData\Local\Programs\Python\Python313;C:\Users\Administrator\AppData\Local\Programs\Python\Launcher;C:\Users\Administrator\.jbang\bin;C:\Users\Administrator\.jbang\cache\jdks\17\bin;C:\Users\Administrator\AppData\Local\Microsoft\WindowsApps;C:\Users\Administrator\AppData\Local\Programs\Microsoft VS Code\bin;C:\Users\Administrator\AppData\Roaming\nvm;C:\Program Files\nodejs;C:\Users\Administrator\.dotnet\tools;C:\Program Files\dotnet;C:\Program Files\JetBrains\IntelliJ IDEA Community Edition 2023.2.2\bin;C:\Users\Administrator\Downloads\Compressed\microsoft-jdk-17.0.10-windows-x64\jdk-17.0.10+7\bin;C:\Users\Administrator\Downloads\Compressed\microsoft-jdk-17.0.10-windows-x64\jdk-17.0.10+7;C:\Program Files\JetBrains\intellij\IntelliJ IDEA Community Edition 2023.2.2\bin;C:\Users\Administrator\AppData\Roaming\Microsoft\Windows\Start Menu\Programs\Python 3.12;C:\Program Files\python;C:\Program Files\openJdk\bin;C:\Program Files\mariadb-11.3.2-winx64\mariadb-11.3.2-winx64\bin;C:\Program Files\JetBrains\WebStorm 2024.1.5\bin;C:\Users\Administrator\AppData\Roaming\npm;D:\flutter\bin
USERNAME=Michelle
DISPLAY=:0.0
LC_ALL=en_US.UTF-8
TERM=xterm-256color
TMPDIR=C:\Users\ADMINI~1\AppData\Local\Temp
OS=Windows_NT
PROCESSOR_IDENTIFIER=AMD64 Family 21 Model 96 Stepping 1, AuthenticAMD
TMP=C:\Users\ADMINI~1\AppData\Local\Temp
TEMP=C:\Users\ADMINI~1\AppData\Local\Temp



Periodic native trim disabled

JNI global refs:
JNI global refs: 0, weak refs: 0

JNI global refs memory usage: 0, weak refs: 0

OOME stack traces (most recent first):
Classloader memory used:


---------------  S Y S T E M  ---------------

OS:
 Windows 11 , 64 bit Build 22621 (10.0.22621.608)
OS uptime: 0 days 3:06 hours
Hyper-V role detected

CPU: total 4 (initial active 4) (4 cores per cpu, 1 threads per core) family 21 model 96 stepping 1 microcode 0x0, cx8, cmov, fxsr, mmx, 3dnowpref, sse, sse2, sse3, ssse3, sse4a, sse4.1, sse4.2, popcnt, lzcnt, tsc, tscinvbit, avx, avx2, aes, clmul, bmi1, bmi2, fma, vzeroupper, clflush, hv
Processor Information for all 4 processors :
  Max Mhz: 1600, Current Mhz: 1600, Mhz Limit: 1600

Memory: 4k page, system-wide physical 11178M (1250M free)
TotalPageFile size 15178M (AvailPageFile size 166M)
current process WorkingSet (physical memory assigned to process): 11M, peak: 11M
current process commit charge ("private bytes"): 51M, peak: 227M

vm_info: OpenJDK 64-Bit Server VM (17.0.10+1-b1207.14) for windows-amd64 JRE (17.0.10+1-b1207.14), built on 2024-04-05 by "builduser" with MS VC++ 16.10 / 16.11 (VS2019)

END.
